[debug] [2021-10-31T14:50:49.322Z] ----------------------------------------------------------------------
[debug] [2021-10-31T14:50:49.324Z] Command:       C:\Program Files\nodejs\node.exe C:\Users\Abdur Rahman\AppData\Roaming\npm\node_modules\firebase-tools\lib\bin\firebase.js init
[debug] [2021-10-31T14:50:49.325Z] CLI Version:   9.21.0
[debug] [2021-10-31T14:50:49.325Z] Platform:      win32
[debug] [2021-10-31T14:50:49.325Z] Node Version:  v14.17.1
[debug] [2021-10-31T14:50:49.326Z] Time:          Sun Oct 31 2021 20:50:49 GMT+0600 (Bangladesh Standard Time)
[debug] [2021-10-31T14:50:49.326Z] ----------------------------------------------------------------------
[debug] 
[debug] [2021-10-31T14:50:49.334Z] > command requires scopes: ["email","openid","https://www.googleapis.com/auth/cloudplatformprojects.readonly","https://www.googleapis.com/auth/firebase","https://www.googleapis.com/auth/cloud-platform"]
[debug] [2021-10-31T14:50:49.334Z] > authorizing via signed-in user (abdurrahman98iubat@gmail.com)
[info] 
     ######## #### ########  ######## ########     ###     ######  ########
     ##        ##  ##     ## ##       ##     ##  ##   ##  ##       ##
     ######    ##  ########  ######   ########  #########  ######  ######
     ##        ##  ##    ##  ##       ##     ## ##     ##       ## ##
     ##       #### ##     ## ######## ########  ##     ##  ######  ########

You're about to initialize a Firebase project in this directory:

  G:\Professional\react-projects\tour-package

[info] 
=== Project Setup
[info] 
[info] First, let's associate this project directory with a Firebase project.
[info] You can create multiple project aliases by running firebase use --add, 
[info] but for now we'll just set up a default project.
[info] 
[debug] [2021-10-31T14:51:15.266Z] >>> [apiv2][query] GET https://firebase.googleapis.com/v1beta1/projects pageSize=100
[debug] [2021-10-31T14:51:16.584Z] <<< [apiv2][status] GET https://firebase.googleapis.com/v1beta1/projects 200
[debug] [2021-10-31T14:51:16.585Z] <<< [apiv2][body] GET https://firebase.googleapis.com/v1beta1/projects [omitted]
[info] i  Using project tour-package-12fcb (tour-package) 
[info] 
=== Hosting:github Setup
[info] 
[info] i  Detected a .git folder at G:\Professional\react-projects\tour-package 
[info] i  Authorizing with GitHub to upload your service account to a GitHub repository's secrets store. 
[info] 
[info] Visit this URL on this device to log in:
[info] https://github.com/login/oauth/authorize?client_id=89cf50f02ac6aaed3484&state=611089980&redirect_uri=http%3A%2F%2Flocalhost%3A9005&scope=read%3Auser%20repo%20public_repo
[info] 
[info] Waiting for authentication...
[debug] [2021-10-31T14:51:22.668Z] >>> HTTP REQUEST POST https://github.com/login/oauth/access_token  
 {"client_id":"89cf50f02ac6aaed3484","client_secret":"3330d14abc895d9a74d5f17cd7a00711fa2c5bf0","code":"b5987e8f88b117c0b20e","redirect_uri":"http://localhost:9005","state":"611089980"}
[debug] [2021-10-31T14:51:23.461Z] <<< HTTP RESPONSE 200 {"server":"GitHub.com","date":"Sun, 31 Oct 2021 14:51:23 GMT","content-type":"application/json; charset=utf-8","transfer-encoding":"chunked","vary":"X-PJAX, X-PJAX-Container, Accept-Encoding, Accept, X-Requested-With","permissions-policy":"interest-cohort=()","etag":"W/\"20ed106237a3985b4fca19455d8597f4\"","cache-control":"max-age=0, private, must-revalidate","strict-transport-security":"max-age=31536000; includeSubdomains; preload","x-frame-options":"deny","x-content-type-options":"nosniff","x-xss-protection":"0","referrer-policy":"origin-when-cross-origin, strict-origin-when-cross-origin","expect-ct":"max-age=2592000, report-uri=\"https://api.github.com/_private/browser/errors\"","content-security-policy":"default-src 'none'; base-uri 'self'; block-all-mixed-content; child-src github.com/assets-cdn/worker/ gist.github.com/assets-cdn/worker/; connect-src 'self' uploads.github.com objects-origin.githubusercontent.com www.githubstatus.com collector.githubapp.com api.github.com github-cloud.s3.amazonaws.com github-production-repository-file-5c1aeb.s3.amazonaws.com github-production-upload-manifest-file-7fdce7.s3.amazonaws.com github-production-user-asset-6210df.s3.amazonaws.com cdn.optimizely.com logx.optimizely.com/v1/events translator.github.com wss://alive.github.com; font-src github.githubassets.com; form-action 'self' github.com gist.github.com objects-origin.githubusercontent.com; frame-ancestors 'none'; frame-src render.githubusercontent.com viewscreen.githubusercontent.com notebooks.githubusercontent.com; img-src 'self' data: github.githubassets.com identicons.github.com collector.githubapp.com github-cloud.s3.amazonaws.com secured-user-images.githubusercontent.com/ *.githubusercontent.com; manifest-src 'self'; media-src github.com user-images.githubusercontent.com/; script-src github.githubassets.com; style-src 'unsafe-inline' github.githubassets.com; worker-src github.com/assets-cdn/worker/ gist.github.com/assets-cdn/worker/","x-github-request-id":"58A4:3E7A:2D16B9:450DCF:617EAD6B"}
[debug] [2021-10-31T14:51:23.473Z] >>> [apiv2][query] GET https://api.github.com/user [none]
[debug] [2021-10-31T14:51:24.356Z] <<< [apiv2][status] GET https://api.github.com/user 200
[debug] [2021-10-31T14:51:24.357Z] <<< [apiv2][body] GET https://api.github.com/user {"login":"AbdurRahman3038","id":80151401,"node_id":"MDQ6VXNlcjgwMTUxNDAx","avatar_url":"https://avatars.githubusercontent.com/u/80151401?v=4","gravatar_id":"","url":"https://api.github.com/users/AbdurRahman3038","html_url":"https://github.com/AbdurRahman3038","followers_url":"https://api.github.com/users/AbdurRahman3038/followers","following_url":"https://api.github.com/users/AbdurRahman3038/following{/other_user}","gists_url":"https://api.github.com/users/AbdurRahman3038/gists{/gist_id}","starred_url":"https://api.github.com/users/AbdurRahman3038/starred{/owner}{/repo}","subscriptions_url":"https://api.github.com/users/AbdurRahman3038/subscriptions","organizations_url":"https://api.github.com/users/AbdurRahman3038/orgs","repos_url":"https://api.github.com/users/AbdurRahman3038/repos","events_url":"https://api.github.com/users/AbdurRahman3038/events{/privacy}","received_events_url":"https://api.github.com/users/AbdurRahman3038/received_events","type":"User","site_admin":false,"name":"Abdur Rahman","company":null,"blog":"","location":null,"email":null,"hireable":null,"bio":"A full-stack web developer","twitter_username":null,"public_repos":12,"public_gists":0,"followers":4,"following":3,"created_at":"2021-03-06T09:21:12Z","updated_at":"2021-09-06T17:17:10Z","private_gists":0,"total_private_repos":0,"owned_private_repos":0,"disk_usage":54157,"collaborators":0,"two_factor_authentication":false,"plan":{"name":"free","space":976562499,"collaborators":0,"private_repos":10000}}
[info] 
[info] +  Success! Logged into GitHub as AbdurRahman3038 
[info] 
[debug] [2021-10-31T14:51:37.466Z] >>> [apiv2][query] GET https://api.github.com/repos/repository/actions/secrets/public-key type=owner
[debug] [2021-10-31T14:51:38.192Z] <<< [apiv2][status] GET https://api.github.com/repos/repository/actions/secrets/public-key 404
[debug] [2021-10-31T14:51:38.192Z] <<< [apiv2][body] GET https://api.github.com/repos/repository/actions/secrets/public-key {"message":"Not Found","documentation_url":"https://docs.github.com/rest"}
[debug] [2021-10-31T14:51:42.281Z] >>> [apiv2][query] GET https://api.github.com/repos/y/actions/secrets/public-key type=owner
[debug] [2021-10-31T14:51:43.001Z] <<< [apiv2][status] GET https://api.github.com/repos/y/actions/secrets/public-key 404
[debug] [2021-10-31T14:51:43.001Z] <<< [apiv2][body] GET https://api.github.com/repos/y/actions/secrets/public-key {"message":"Not Found","documentation_url":"https://docs.github.com/rest"}
